<?xml version="1.0" encoding="UTF-8"?>
<!-- Generated by org.testng.reporters.JUnitXMLReporter -->
<testsuite ignored="1" hostname="Gulis-MacBook-Pro.local" failures="1" tests="6" name="UI Automation" time="73.694" errors="0" timestamp="16 Jun 2023 00:40:50 GMT">
  <testcase classname="tests.BlazedemoTests" name="verifyDestinationOfTheWeek" time="2.306"/>
  <testcase classname="tests.BlazedemoTests" name="verifyFindFlights" time="2.725"/>
  <testcase classname="tests.BlazedemoTests" name="verifyFlightInfo" time="3.162">
    <failure type="java.lang.AssertionError" message="The following asserts failed:
	expected [Flight Number: 43] but found [Flight Number: UA954],
	expected [Airline: Virgin America] but found [Airline: United],
	expected [472.56] but found [Price: 400]">
      <![CDATA[java.lang.AssertionError: The following asserts failed:
expected [Flight Number: 43] but found [Flight Number: UA954],
expected [Airline: Virgin America] but found [Airline: United],
expected [472.56] but found [Price: 400]
at tests.BlazedemoTests.verifyFlightInfo(BlazedemoTests.java:82)
... Removed 30 stack frames]]>
    </failure>
  </testcase> <!-- verifyFlightInfo -->
  <testcase classname="tests.SauceDemoTests" name="sauceDemoLoginNegative" time="5.699"/>
  <testcase classname="tests.SauceDemoTests" name="sauceDemoLoginPositive" time="6.437"/>
  <testcase classname="tests.SauceDemoTests" name="sauceDemoVerifyPriceLowHigh" time="7.492"/>
  <testcase classname="tests.FrameworkTest" name="verifyGoogleHomePage" time="0.0">
    <ignored/>
  </testcase> <!-- verifyGoogleHomePage -->
</testsuite> <!-- UI Automation -->
